{"/Users/mac/Desktop/Project/Darey Assessment/matchify-backend/src/app.js": {"path":"/Users/mac/Desktop/Project/Darey Assessment/matchify-backend/src/app.js","statementMap":{"0":{"start":{"line":1,"column":16},"end":{"line":1,"column":34}},"1":{"start":{"line":2,"column":13},"end":{"line":2,"column":28}},"2":{"start":{"line":3,"column":15},"end":{"line":3,"column":32}},"3":{"start":{"line":4,"column":15},"end":{"line":4,"column":34}},"4":{"start":{"line":5,"column":12},"end":{"line":5,"column":35}},"5":{"start":{"line":6,"column":15},"end":{"line":6,"column":34}},"6":{"start":{"line":8,"column":12},"end":{"line":8,"column":21}},"7":{"start":{"line":9,"column":15},"end":{"line":9,"column":50}},"8":{"start":{"line":12,"column":0},"end":{"line":14,"column":4}},"9":{"start":{"line":15,"column":0},"end":{"line":15,"column":24}},"10":{"start":{"line":18,"column":14},"end":{"line":18,"column":23}},"11":{"start":{"line":19,"column":17},"end":{"line":19,"column":26}},"12":{"start":{"line":22,"column":26},"end":{"line":37,"column":1}},"13":{"start":{"line":23,"column":21},"end":{"line":23,"column":49}},"14":{"start":{"line":24,"column":16},"end":{"line":24,"column":54}},"15":{"start":{"line":26,"column":2},"end":{"line":28,"column":3}},"16":{"start":{"line":27,"column":4},"end":{"line":27,"column":70}},"17":{"start":{"line":30,"column":2},"end":{"line":36,"column":5}},"18":{"start":{"line":31,"column":4},"end":{"line":33,"column":5}},"19":{"start":{"line":32,"column":6},"end":{"line":32,"column":73}},"20":{"start":{"line":34,"column":4},"end":{"line":34,"column":20}},"21":{"start":{"line":35,"column":4},"end":{"line":35,"column":11}},"22":{"start":{"line":40,"column":0},"end":{"line":65,"column":3}},"23":{"start":{"line":41,"column":30},"end":{"line":41,"column":38}},"24":{"start":{"line":43,"column":2},"end":{"line":45,"column":3}},"25":{"start":{"line":44,"column":4},"end":{"line":44,"column":78}},"26":{"start":{"line":47,"column":2},"end":{"line":49,"column":3}},"27":{"start":{"line":48,"column":4},"end":{"line":48,"column":71}},"28":{"start":{"line":51,"column":25},"end":{"line":51,"column":56}},"29":{"start":{"line":52,"column":2},"end":{"line":52,"column":35}},"30":{"start":{"line":55,"column":4},"end":{"line":62,"column":5}},"31":{"start":{"line":56,"column":8},"end":{"line":56,"column":40}},"32":{"start":{"line":57,"column":8},"end":{"line":57,"column":37}},"33":{"start":{"line":58,"column":8},"end":{"line":61,"column":11}},"34":{"start":{"line":59,"column":8},"end":{"line":59,"column":39}},"35":{"start":{"line":60,"column":8},"end":{"line":60,"column":50}},"36":{"start":{"line":64,"column":2},"end":{"line":64,"column":68}},"37":{"start":{"line":68,"column":0},"end":{"line":87,"column":3}},"38":{"start":{"line":69,"column":30},"end":{"line":69,"column":38}},"39":{"start":{"line":71,"column":2},"end":{"line":73,"column":3}},"40":{"start":{"line":72,"column":4},"end":{"line":72,"column":78}},"41":{"start":{"line":75,"column":25},"end":{"line":75,"column":41}},"42":{"start":{"line":76,"column":2},"end":{"line":78,"column":3}},"43":{"start":{"line":77,"column":4},"end":{"line":77,"column":66}},"44":{"start":{"line":80,"column":24},"end":{"line":80,"column":70}},"45":{"start":{"line":81,"column":2},"end":{"line":83,"column":3}},"46":{"start":{"line":82,"column":4},"end":{"line":82,"column":66}},"47":{"start":{"line":85,"column":16},"end":{"line":85,"column":75}},"48":{"start":{"line":86,"column":2},"end":{"line":86,"column":22}},"49":{"start":{"line":90,"column":0},"end":{"line":129,"column":3}},"50":{"start":{"line":91,"column":53},"end":{"line":91,"column":61}},"51":{"start":{"line":92,"column":16},"end":{"line":92,"column":30}},"52":{"start":{"line":95,"column":2},"end":{"line":97,"column":3}},"53":{"start":{"line":96,"column":4},"end":{"line":96,"column":70}},"54":{"start":{"line":100,"column":20},"end":{"line":100,"column":33}},"55":{"start":{"line":101,"column":2},"end":{"line":103,"column":3}},"56":{"start":{"line":102,"column":4},"end":{"line":102,"column":70}},"57":{"start":{"line":106,"column":18},"end":{"line":114,"column":3}},"58":{"start":{"line":111,"column":45},"end":{"line":111,"column":53}},"59":{"start":{"line":116,"column":2},"end":{"line":116,"column":31}},"60":{"start":{"line":119,"column":4},"end":{"line":126,"column":7}},"61":{"start":{"line":120,"column":8},"end":{"line":120,"column":43}},"62":{"start":{"line":121,"column":8},"end":{"line":121,"column":40}},"63":{"start":{"line":122,"column":8},"end":{"line":125,"column":11}},"64":{"start":{"line":123,"column":10},"end":{"line":123,"column":43}},"65":{"start":{"line":124,"column":10},"end":{"line":124,"column":68}},"66":{"start":{"line":128,"column":2},"end":{"line":128,"column":32}},"67":{"start":{"line":132,"column":0},"end":{"line":138,"column":3}},"68":{"start":{"line":133,"column":18},"end":{"line":133,"column":48}},"69":{"start":{"line":134,"column":2},"end":{"line":136,"column":3}},"70":{"start":{"line":135,"column":4},"end":{"line":135,"column":64}},"71":{"start":{"line":137,"column":2},"end":{"line":137,"column":20}},"72":{"start":{"line":140,"column":0},"end":{"line":140,"column":21}}},"fnMap":{"0":{"name":"(anonymous_0)","decl":{"start":{"line":22,"column":26},"end":{"line":22,"column":27}},"loc":{"start":{"line":22,"column":46},"end":{"line":37,"column":1}},"line":22},"1":{"name":"(anonymous_1)","decl":{"start":{"line":30,"column":38},"end":{"line":30,"column":39}},"loc":{"start":{"line":30,"column":53},"end":{"line":36,"column":3}},"line":30},"2":{"name":"(anonymous_2)","decl":{"start":{"line":40,"column":26},"end":{"line":40,"column":27}},"loc":{"start":{"line":40,"column":46},"end":{"line":65,"column":1}},"line":40},"3":{"name":"(anonymous_3)","decl":{"start":{"line":58,"column":22},"end":{"line":58,"column":23}},"loc":{"start":{"line":58,"column":39},"end":{"line":61,"column":9}},"line":58},"4":{"name":"(anonymous_4)","decl":{"start":{"line":68,"column":23},"end":{"line":68,"column":24}},"loc":{"start":{"line":68,"column":43},"end":{"line":87,"column":1}},"line":68},"5":{"name":"(anonymous_5)","decl":{"start":{"line":90,"column":78},"end":{"line":90,"column":79}},"loc":{"start":{"line":90,"column":92},"end":{"line":129,"column":1}},"line":90},"6":{"name":"(anonymous_6)","decl":{"start":{"line":111,"column":40},"end":{"line":111,"column":41}},"loc":{"start":{"line":111,"column":45},"end":{"line":111,"column":53}},"line":111},"7":{"name":"(anonymous_7)","decl":{"start":{"line":122,"column":25},"end":{"line":122,"column":26}},"loc":{"start":{"line":122,"column":45},"end":{"line":125,"column":9}},"line":122},"8":{"name":"(anonymous_8)","decl":{"start":{"line":132,"column":51},"end":{"line":132,"column":52}},"loc":{"start":{"line":132,"column":65},"end":{"line":138,"column":1}},"line":132}},"branchMap":{"0":{"loc":{"start":{"line":24,"column":16},"end":{"line":24,"column":54}},"type":"binary-expr","locations":[{"start":{"line":24,"column":16},"end":{"line":24,"column":26}},{"start":{"line":24,"column":30},"end":{"line":24,"column":54}}],"line":24},"1":{"loc":{"start":{"line":26,"column":2},"end":{"line":28,"column":3}},"type":"if","locations":[{"start":{"line":26,"column":2},"end":{"line":28,"column":3}},{"start":{},"end":{}}],"line":26},"2":{"loc":{"start":{"line":31,"column":4},"end":{"line":33,"column":5}},"type":"if","locations":[{"start":{"line":31,"column":4},"end":{"line":33,"column":5}},{"start":{},"end":{}}],"line":31},"3":{"loc":{"start":{"line":43,"column":2},"end":{"line":45,"column":3}},"type":"if","locations":[{"start":{"line":43,"column":2},"end":{"line":45,"column":3}},{"start":{},"end":{}}],"line":43},"4":{"loc":{"start":{"line":43,"column":6},"end":{"line":43,"column":25}},"type":"binary-expr","locations":[{"start":{"line":43,"column":6},"end":{"line":43,"column":12}},{"start":{"line":43,"column":16},"end":{"line":43,"column":25}}],"line":43},"5":{"loc":{"start":{"line":47,"column":2},"end":{"line":49,"column":3}},"type":"if","locations":[{"start":{"line":47,"column":2},"end":{"line":49,"column":3}},{"start":{},"end":{}}],"line":47},"6":{"loc":{"start":{"line":55,"column":4},"end":{"line":62,"column":5}},"type":"if","locations":[{"start":{"line":55,"column":4},"end":{"line":62,"column":5}},{"start":{},"end":{}}],"line":55},"7":{"loc":{"start":{"line":55,"column":8},"end":{"line":55,"column":72}},"type":"binary-expr","locations":[{"start":{"line":55,"column":8},"end":{"line":55,"column":45}},{"start":{"line":55,"column":49},"end":{"line":55,"column":55}},{"start":{"line":55,"column":59},"end":{"line":55,"column":72}}],"line":55},"8":{"loc":{"start":{"line":71,"column":2},"end":{"line":73,"column":3}},"type":"if","locations":[{"start":{"line":71,"column":2},"end":{"line":73,"column":3}},{"start":{},"end":{}}],"line":71},"9":{"loc":{"start":{"line":71,"column":6},"end":{"line":71,"column":25}},"type":"binary-expr","locations":[{"start":{"line":71,"column":6},"end":{"line":71,"column":12}},{"start":{"line":71,"column":16},"end":{"line":71,"column":25}}],"line":71},"10":{"loc":{"start":{"line":76,"column":2},"end":{"line":78,"column":3}},"type":"if","locations":[{"start":{"line":76,"column":2},"end":{"line":78,"column":3}},{"start":{},"end":{}}],"line":76},"11":{"loc":{"start":{"line":81,"column":2},"end":{"line":83,"column":3}},"type":"if","locations":[{"start":{"line":81,"column":2},"end":{"line":83,"column":3}},{"start":{},"end":{}}],"line":81},"12":{"loc":{"start":{"line":95,"column":2},"end":{"line":97,"column":3}},"type":"if","locations":[{"start":{"line":95,"column":2},"end":{"line":97,"column":3}},{"start":{},"end":{}}],"line":95},"13":{"loc":{"start":{"line":95,"column":6},"end":{"line":95,"column":57}},"type":"binary-expr","locations":[{"start":{"line":95,"column":6},"end":{"line":95,"column":11}},{"start":{"line":95,"column":15},"end":{"line":95,"column":19}},{"start":{"line":95,"column":23},"end":{"line":95,"column":30}},{"start":{"line":95,"column":34},"end":{"line":95,"column":43}},{"start":{"line":95,"column":47},"end":{"line":95,"column":57}}],"line":95},"14":{"loc":{"start":{"line":101,"column":2},"end":{"line":103,"column":3}},"type":"if","locations":[{"start":{"line":101,"column":2},"end":{"line":103,"column":3}},{"start":{},"end":{}}],"line":101},"15":{"loc":{"start":{"line":101,"column":6},"end":{"line":101,"column":40}},"type":"binary-expr","locations":[{"start":{"line":101,"column":6},"end":{"line":101,"column":22}},{"start":{"line":101,"column":26},"end":{"line":101,"column":40}}],"line":101},"16":{"loc":{"start":{"line":112,"column":20},"end":{"line":112,"column":51}},"type":"cond-expr","locations":[{"start":{"line":112,"column":31},"end":{"line":112,"column":44}},{"start":{"line":112,"column":47},"end":{"line":112,"column":51}}],"line":112},"17":{"loc":{"start":{"line":119,"column":4},"end":{"line":126,"column":7}},"type":"if","locations":[{"start":{"line":119,"column":4},"end":{"line":126,"column":7}},{"start":{},"end":{}}],"line":119},"18":{"loc":{"start":{"line":119,"column":8},"end":{"line":119,"column":72}},"type":"binary-expr","locations":[{"start":{"line":119,"column":8},"end":{"line":119,"column":45}},{"start":{"line":119,"column":49},"end":{"line":119,"column":55}},{"start":{"line":119,"column":59},"end":{"line":119,"column":72}}],"line":119},"19":{"loc":{"start":{"line":134,"column":2},"end":{"line":136,"column":3}},"type":"if","locations":[{"start":{"line":134,"column":2},"end":{"line":136,"column":3}},{"start":{},"end":{}}],"line":134}},"s":{"0":1,"1":1,"2":1,"3":1,"4":1,"5":1,"6":1,"7":1,"8":1,"9":1,"10":1,"11":1,"12":1,"13":6,"14":6,"15":6,"16":1,"17":5,"18":5,"19":0,"20":5,"21":5,"22":1,"23":3,"24":3,"25":1,"26":2,"27":1,"28":1,"29":1,"30":1,"31":1,"32":1,"33":1,"34":1,"35":1,"36":1,"37":1,"38":3,"39":3,"40":0,"41":3,"42":3,"43":1,"44":2,"45":2,"46":1,"47":1,"48":1,"49":1,"50":3,"51":3,"52":3,"53":1,"54":2,"55":2,"56":1,"57":1,"58":3,"59":1,"60":1,"61":1,"62":1,"63":1,"64":1,"65":1,"66":1,"67":1,"68":2,"69":2,"70":1,"71":1,"72":1},"f":{"0":6,"1":5,"2":3,"3":1,"4":3,"5":3,"6":3,"7":1,"8":2},"b":{"0":[6,5],"1":[1,5],"2":[0,5],"3":[1,2],"4":[3,3],"5":[1,1],"6":[1,0],"7":[1,0,0],"8":[0,3],"9":[3,3],"10":[1,2],"11":[1,1],"12":[1,2],"13":[3,2,2,2,2],"14":[1,1],"15":[2,2],"16":[1,0],"17":[1,0],"18":[1,0,0],"19":[1,1]},"_coverageSchema":"1a1c01bbd47fc00a2c39e90264f33305004495a9","hash":"b7d65796de1a0e8f8a7370762f7e927b9435a9e7"}
,"/Users/mac/Desktop/Project/Darey Assessment/matchify-backend/src/config.js": {"path":"/Users/mac/Desktop/Project/Darey Assessment/matchify-backend/src/config.js","statementMap":{"0":{"start":{"line":2,"column":15},"end":{"line":21,"column":3}},"1":{"start":{"line":23,"column":14},"end":{"line":23,"column":51}},"2":{"start":{"line":24,"column":2},"end":{"line":24,"column":31}}},"fnMap":{},"branchMap":{"0":{"loc":{"start":{"line":16,"column":12},"end":{"line":16,"column":36}},"type":"binary-expr","locations":[{"start":{"line":16,"column":12},"end":{"line":16,"column":28}},{"start":{"line":16,"column":32},"end":{"line":16,"column":36}}],"line":16},"1":{"loc":{"start":{"line":17,"column":17},"end":{"line":17,"column":60}},"type":"binary-expr","locations":[{"start":{"line":17,"column":17},"end":{"line":17,"column":39}},{"start":{"line":17,"column":43},"end":{"line":17,"column":60}}],"line":17},"2":{"loc":{"start":{"line":18,"column":18},"end":{"line":18,"column":55}},"type":"binary-expr","locations":[{"start":{"line":18,"column":18},"end":{"line":18,"column":41}},{"start":{"line":18,"column":45},"end":{"line":18,"column":55}}],"line":18},"3":{"loc":{"start":{"line":19,"column":18},"end":{"line":19,"column":68}},"type":"binary-expr","locations":[{"start":{"line":19,"column":18},"end":{"line":19,"column":41}},{"start":{"line":19,"column":45},"end":{"line":19,"column":68}}],"line":19},"4":{"loc":{"start":{"line":23,"column":14},"end":{"line":23,"column":51}},"type":"binary-expr","locations":[{"start":{"line":23,"column":14},"end":{"line":23,"column":34}},{"start":{"line":23,"column":38},"end":{"line":23,"column":51}}],"line":23}},"s":{"0":1,"1":1,"2":1},"f":{},"b":{"0":[1,1],"1":[1,1],"2":[1,1],"3":[1,1],"4":[1,0]},"_coverageSchema":"1a1c01bbd47fc00a2c39e90264f33305004495a9","hash":"8f66eded4afc2541804de32b3f01f4d822d5b4ec"}
}
