TN:
SF:src/app.js
FN:22,(anonymous_0)
FN:30,(anonymous_1)
FN:40,(anonymous_2)
FN:58,(anonymous_3)
FN:68,(anonymous_4)
FN:90,(anonymous_5)
FN:111,(anonymous_6)
FN:122,(anonymous_7)
FN:132,(anonymous_8)
FNF:9
FNH:9
FNDA:6,(anonymous_0)
FNDA:5,(anonymous_1)
FNDA:3,(anonymous_2)
FNDA:1,(anonymous_3)
FNDA:3,(anonymous_4)
FNDA:3,(anonymous_5)
FNDA:3,(anonymous_6)
FNDA:1,(anonymous_7)
FNDA:2,(anonymous_8)
DA:1,1
DA:2,1
DA:3,1
DA:4,1
DA:5,1
DA:6,1
DA:8,1
DA:9,1
DA:12,1
DA:15,1
DA:18,1
DA:19,1
DA:22,1
DA:23,6
DA:24,6
DA:26,6
DA:27,1
DA:30,5
DA:31,5
DA:32,0
DA:34,5
DA:35,5
DA:40,1
DA:41,3
DA:43,3
DA:44,1
DA:47,2
DA:48,1
DA:51,1
DA:52,1
DA:55,1
DA:56,1
DA:57,1
DA:58,1
DA:59,1
DA:60,1
DA:64,1
DA:68,1
DA:69,3
DA:71,3
DA:72,0
DA:75,3
DA:76,3
DA:77,1
DA:80,2
DA:81,2
DA:82,1
DA:85,1
DA:86,1
DA:90,1
DA:91,3
DA:92,3
DA:95,3
DA:96,1
DA:100,2
DA:101,2
DA:102,1
DA:106,1
DA:111,3
DA:116,1
DA:119,1
DA:120,1
DA:121,1
DA:122,1
DA:123,1
DA:124,1
DA:128,1
DA:132,1
DA:133,2
DA:134,2
DA:135,1
DA:137,1
DA:140,1
LF:73
LH:71
BRDA:24,0,0,6
BRDA:24,0,1,5
BRDA:26,1,0,1
BRDA:26,1,1,5
BRDA:31,2,0,0
BRDA:31,2,1,5
BRDA:43,3,0,1
BRDA:43,3,1,2
BRDA:43,4,0,3
BRDA:43,4,1,3
BRDA:47,5,0,1
BRDA:47,5,1,1
BRDA:55,6,0,1
BRDA:55,6,1,0
BRDA:55,7,0,1
BRDA:55,7,1,0
BRDA:55,7,2,0
BRDA:71,8,0,0
BRDA:71,8,1,3
BRDA:71,9,0,3
BRDA:71,9,1,3
BRDA:76,10,0,1
BRDA:76,10,1,2
BRDA:81,11,0,1
BRDA:81,11,1,1
BRDA:95,12,0,1
BRDA:95,12,1,2
BRDA:95,13,0,3
BRDA:95,13,1,2
BRDA:95,13,2,2
BRDA:95,13,3,2
BRDA:95,13,4,2
BRDA:101,14,0,1
BRDA:101,14,1,1
BRDA:101,15,0,2
BRDA:101,15,1,2
BRDA:112,16,0,1
BRDA:112,16,1,0
BRDA:119,17,0,1
BRDA:119,17,1,0
BRDA:119,18,0,1
BRDA:119,18,1,0
BRDA:119,18,2,0
BRDA:134,19,0,1
BRDA:134,19,1,1
BRF:45
BRH:36
end_of_record
TN:
SF:src/config.js
FNF:0
FNH:0
DA:2,1
DA:23,1
DA:24,1
LF:3
LH:3
BRDA:16,0,0,1
BRDA:16,0,1,1
BRDA:17,1,0,1
BRDA:17,1,1,1
BRDA:18,2,0,1
BRDA:18,2,1,1
BRDA:19,3,0,1
BRDA:19,3,1,1
BRDA:23,4,0,1
BRDA:23,4,1,0
BRF:10
BRH:9
end_of_record
